<?xml version="1.0" encoding="UTF-8"?>
<coverage generated="1616197015372" clover="3.2.0">
  <project timestamp="1616197015372" name="All files">
    <metrics statements="26" coveredstatements="26" conditionals="14" coveredconditionals="14" methods="6" coveredmethods="6" elements="46" coveredelements="46" complexity="0" loc="26" ncloc="26" packages="1" files="1" classes="1"/>
    <file name="calc.js" path="C:\Users\Gabriel Antal\Documents\Estudos\UTFPR\Trabalhos para fazer\TC\ativ_7\ativ-7\lib\calc.js">
      <metrics statements="26" coveredstatements="26" conditionals="14" coveredconditionals="14" methods="6" coveredmethods="6"/>
      <line num="4" count="1" type="stmt"/>
      <line num="8" count="10" type="stmt"/>
      <line num="13" count="2" type="cond" truecount="2" falsecount="0"/>
      <line num="14" count="1" type="stmt"/>
      <line num="15" count="1" type="stmt"/>
      <line num="17" count="1" type="stmt"/>
      <line num="18" count="1" type="stmt"/>
      <line num="23" count="4" type="cond" truecount="2" falsecount="0"/>
      <line num="24" count="2" type="stmt"/>
      <line num="25" count="2" type="stmt"/>
      <line num="27" count="2" type="stmt"/>
      <line num="28" count="2" type="stmt"/>
      <line num="33" count="2" type="cond" truecount="2" falsecount="0"/>
      <line num="34" count="1" type="stmt"/>
      <line num="35" count="1" type="stmt"/>
      <line num="37" count="1" type="stmt"/>
      <line num="38" count="1" type="stmt"/>
      <line num="43" count="9" type="stmt"/>
      <line num="44" count="9" type="cond" truecount="2" falsecount="0"/>
      <line num="45" count="2" type="stmt"/>
      <line num="47" count="7" type="cond" truecount="4" falsecount="0"/>
      <line num="48" count="4" type="stmt"/>
      <line num="50" count="3" type="cond" truecount="2" falsecount="0"/>
      <line num="51" count="2" type="stmt"/>
      <line num="53" count="1" type="stmt"/>
      <line num="61" count="1" type="stmt"/>
    </file>
  </project>
</coverage>
