{"C:\\Users\\Gabriel Antal\\Documents\\Estudos\\UTFPR\\Trabalhos para fazer\\TC\\ativ_7\\ativ-7\\lib\\calc.js": {"path":"C:\\Users\\Gabriel Antal\\Documents\\Estudos\\UTFPR\\Trabalhos para fazer\\TC\\ativ_7\\ativ-7\\lib\\calc.js","statementMap":{"0":{"start":{"line":4,"column":8},"end":{"line":4,"column":23}},"1":{"start":{"line":8,"column":8},"end":{"line":8,"column":28}},"2":{"start":{"line":13,"column":8},"end":{"line":19,"column":9}},"3":{"start":{"line":14,"column":12},"end":{"line":14,"column":79}},"4":{"start":{"line":15,"column":12},"end":{"line":15,"column":36}},"5":{"start":{"line":17,"column":12},"end":{"line":17,"column":79}},"6":{"start":{"line":18,"column":12},"end":{"line":18,"column":36}},"7":{"start":{"line":23,"column":8},"end":{"line":29,"column":9}},"8":{"start":{"line":24,"column":12},"end":{"line":24,"column":80}},"9":{"start":{"line":25,"column":12},"end":{"line":25,"column":36}},"10":{"start":{"line":27,"column":12},"end":{"line":27,"column":80}},"11":{"start":{"line":28,"column":12},"end":{"line":28,"column":36}},"12":{"start":{"line":33,"column":8},"end":{"line":33,"column":23}},"13":{"start":{"line":34,"column":8},"end":{"line":36,"column":9}},"14":{"start":{"line":35,"column":12},"end":{"line":35,"column":38}},"15":{"start":{"line":37,"column":8},"end":{"line":39,"column":9}},"16":{"start":{"line":38,"column":12},"end":{"line":38,"column":38}},"17":{"start":{"line":46,"column":0},"end":{"line":46,"column":22}}},"fnMap":{"0":{"name":"(anonymous_0)","decl":{"start":{"line":3,"column":4},"end":{"line":3,"column":5}},"loc":{"start":{"line":3,"column":17},"end":{"line":5,"column":5}},"line":3},"1":{"name":"(anonymous_1)","decl":{"start":{"line":7,"column":4},"end":{"line":7,"column":5}},"loc":{"start":{"line":7,"column":13},"end":{"line":9,"column":5}},"line":7},"2":{"name":"(anonymous_2)","decl":{"start":{"line":11,"column":4},"end":{"line":11,"column":5}},"loc":{"start":{"line":11,"column":24},"end":{"line":20,"column":5}},"line":11},"3":{"name":"(anonymous_3)","decl":{"start":{"line":22,"column":4},"end":{"line":22,"column":5}},"loc":{"start":{"line":22,"column":24},"end":{"line":30,"column":5}},"line":22},"4":{"name":"(anonymous_4)","decl":{"start":{"line":32,"column":4},"end":{"line":32,"column":5}},"loc":{"start":{"line":32,"column":27},"end":{"line":41,"column":5}},"line":32}},"branchMap":{"0":{"loc":{"start":{"line":13,"column":8},"end":{"line":19,"column":9}},"type":"if","locations":[{"start":{"line":13,"column":8},"end":{"line":19,"column":9}},{"start":{"line":13,"column":8},"end":{"line":19,"column":9}}],"line":13},"1":{"loc":{"start":{"line":23,"column":8},"end":{"line":29,"column":9}},"type":"if","locations":[{"start":{"line":23,"column":8},"end":{"line":29,"column":9}},{"start":{"line":23,"column":8},"end":{"line":29,"column":9}}],"line":23},"2":{"loc":{"start":{"line":34,"column":8},"end":{"line":36,"column":9}},"type":"if","locations":[{"start":{"line":34,"column":8},"end":{"line":36,"column":9}},{"start":{"line":34,"column":8},"end":{"line":36,"column":9}}],"line":34},"3":{"loc":{"start":{"line":37,"column":8},"end":{"line":39,"column":9}},"type":"if","locations":[{"start":{"line":37,"column":8},"end":{"line":39,"column":9}},{"start":{"line":37,"column":8},"end":{"line":39,"column":9}}],"line":37}},"s":{"0":1,"1":6,"2":2,"3":1,"4":1,"5":1,"6":1,"7":2,"8":1,"9":1,"10":1,"11":1,"12":5,"13":5,"14":2,"15":5,"16":2,"17":1},"f":{"0":1,"1":6,"2":2,"3":2,"4":5},"b":{"0":[1,1],"1":[1,1],"2":[2,3],"3":[2,3]},"_coverageSchema":"1a1c01bbd47fc00a2c39e90264f33305004495a9","hash":"35e01ee191490cff54f8af5fba11724f7f397202"}
}
