TN:
SF:lib\calc.js
FN:3,(anonymous_0)
FN:7,(anonymous_1)
FN:11,(anonymous_2)
FN:22,(anonymous_3)
FN:32,(anonymous_4)
FNF:5
FNH:5
FNDA:1,(anonymous_0)
FNDA:5,(anonymous_1)
FNDA:2,(anonymous_2)
FNDA:2,(anonymous_3)
FNDA:4,(anonymous_4)
DA:4,1
DA:8,5
DA:13,2
DA:14,1
DA:15,1
DA:17,1
DA:18,1
DA:23,2
DA:24,1
DA:25,1
DA:27,1
DA:28,1
DA:33,4
DA:34,4
DA:35,2
DA:37,4
DA:38,2
DA:46,1
LF:18
LH:18
BRDA:13,0,0,1
BRDA:13,0,1,1
BRDA:23,1,0,1
BRDA:23,1,1,1
BRDA:34,2,0,2
BRDA:34,2,1,2
BRDA:37,3,0,2
BRDA:37,3,1,2
BRF:8
BRH:8
end_of_record
