TN:
SF:lib\calc.js
FN:3,(anonymous_0)
FN:7,(anonymous_1)
FN:11,(anonymous_2)
FN:22,(anonymous_3)
FN:32,(anonymous_4)
FNF:5
FNH:5
FNDA:1,(anonymous_0)
FNDA:7,(anonymous_1)
FNDA:2,(anonymous_2)
FNDA:4,(anonymous_3)
FNDA:6,(anonymous_4)
DA:4,1
DA:8,7
DA:13,2
DA:14,1
DA:15,1
DA:17,1
DA:18,1
DA:23,4
DA:24,2
DA:25,2
DA:27,2
DA:28,2
DA:33,6
DA:34,6
DA:35,2
DA:37,6
DA:38,4
DA:46,1
LF:18
LH:18
BRDA:13,0,0,1
BRDA:13,0,1,1
BRDA:23,1,0,2
BRDA:23,1,1,2
BRDA:34,2,0,2
BRDA:34,2,1,4
BRDA:37,3,0,4
BRDA:37,3,1,2
BRDA:37,4,0,6
BRDA:37,4,1,4
BRF:10
BRH:10
end_of_record
